生成启动时间为 2017/8/29 11:15:05。
     1>项目“C:\Users\HHF\Desktop\MFC_OCT\MFC_OCT\MFC_OCT.vcxproj”在节点 2 上(Build 个目标)。
     1>ClCompile:
         E:\visiual stdio 2013\install\VC\bin\x86_amd64\CL.exe /c /I..\lib /Zi /nologo /W3 /WX- /sdl /O2 /D _CRT_SECURE_NO_WARNINGS /D WIN32 /D _WINDOWS /D _DEBUG /D "vtkDomainsChemistry_AUTOINIT=1(vtkDomainsChemistryOpenGL2)" /D "vtkRenderingContext2D_AUTOINIT=1(vtkRenderingContextOpenGL2)" /D "vtkRenderingVolume_AUTOINIT=1(vtkRenderingVolumeOpenGL2)" /D _UNICODE /D UNICODE /Gm- /EHsc /MTd /GS /fp:precise /Zc:wchar_t /Zc:forScope /Fo"x64\Debug\\" /Fd"x64\Debug\vc120.pdb" /Gd /TP /errorReport:prompt MFC_OCT.cpp MFC_OCTDlg.cpp RegenvtkColor.cpp UIthread.cpp
         MFC_OCT.cpp
     1>C:\Users\HHF\Desktop\MFC_OCT\GUISupport\MFC\vtkMFCWindow.h(29): warning C4275: 非 dll 接口 class“CWnd”用作 dll 接口 class“vtkMFCWindow”的基
                 E:\visiual stdio 2013\install\VC\atlmfc\include\afxwin.h(2165) : 参见“CWnd”的声明
                 C:\Users\HHF\Desktop\MFC_OCT\GUISupport\MFC\vtkMFCWindow.h(28) : 参见“vtkMFCWindow”的声明
     1>C:\Program Files\VTK\include\vtk-8.1\vtk_tiff.h(23): fatal error C1083: 无法打开包括文件: “vtktiff/libtiff/tiffio.h”: No such file or directory
         MFC_OCTDlg.cpp
     1>C:\Users\HHF\Desktop\MFC_OCT\GUISupport\MFC\vtkMFCWindow.h(29): warning C4275: 非 dll 接口 class“CWnd”用作 dll 接口 class“vtkMFCWindow”的基
                 E:\visiual stdio 2013\install\VC\atlmfc\include\afxwin.h(2165) : 参见“CWnd”的声明
                 C:\Users\HHF\Desktop\MFC_OCT\GUISupport\MFC\vtkMFCWindow.h(28) : 参见“vtkMFCWindow”的声明
     1>C:\Program Files\VTK\include\vtk-8.1\vtk_tiff.h(23): fatal error C1083: 无法打开包括文件: “vtktiff/libtiff/tiffio.h”: No such file or directory
         RegenvtkColor.cpp
     1>C:\Program Files\VTK\include\vtk-8.1\vtk_tiff.h(23): fatal error C1083: 无法打开包括文件: “vtktiff/libtiff/tiffio.h”: No such file or directory
         UIthread.cpp
     1>C:\Users\HHF\Desktop\MFC_OCT\GUISupport\MFC\vtkMFCWindow.h(29): warning C4275: 非 dll 接口 class“CWnd”用作 dll 接口 class“vtkMFCWindow”的基
                 E:\visiual stdio 2013\install\VC\atlmfc\include\afxwin.h(2165) : 参见“CWnd”的声明
                 C:\Users\HHF\Desktop\MFC_OCT\GUISupport\MFC\vtkMFCWindow.h(28) : 参见“vtkMFCWindow”的声明
     1>C:\Program Files\VTK\include\vtk-8.1\vtk_tiff.h(23): fatal error C1083: 无法打开包括文件: “vtktiff/libtiff/tiffio.h”: No such file or directory
         正在生成代码...
     1>已完成生成项目“C:\Users\HHF\Desktop\MFC_OCT\MFC_OCT\MFC_OCT.vcxproj”(Build 个目标)的操作 - 失败。

生成失败。

已用时间 00:00:09.74
