c:\users\hhf\desktop\mfc_oct\mfc_oct\x64\debug\vc120.pdb
c:\users\hhf\desktop\mfc_oct\mfc_oct\x64\debug\vtkclientserverstream.obj
c:\users\hhf\desktop\mfc_oct\mfc_oct\x64\debug\vtkclientserverinterpreterinternals.obj
c:\users\hhf\desktop\mfc_oct\mfc_oct\x64\debug\uithread.obj
c:\users\hhf\desktop\mfc_oct\mfc_oct\x64\debug\stdafx.obj
c:\users\hhf\desktop\mfc_oct\mfc_oct\x64\debug\seconedinterface.obj
c:\users\hhf\desktop\mfc_oct\mfc_oct\x64\debug\regenvtkcolor.obj
c:\users\hhf\desktop\mfc_oct\mfc_oct\x64\debug\opencvshowvedio.obj
c:\users\hhf\desktop\mfc_oct\mfc_oct\x64\debug\mfc_octdlg.obj
c:\users\hhf\desktop\mfc_oct\mfc_oct\x64\debug\mfc_oct.obj
c:\users\hhf\desktop\mfc_oct\mfc_oct\x64\debug\dlgparam.obj
c:\users\hhf\desktop\mfc_oct\mfc_oct\x64\debug\dlg3dparam.obj
c:\users\hhf\desktop\mfc_oct\mfc_oct\x64\debug\c3dparaseting.obj
c:\users\hhf\desktop\mfc_oct\mfc_oct\x64\debug\c2dparamseting.obj
c:\users\hhf\desktop\mfc_oct\mfc_oct\x64\debug\addsheet.obj
c:\users\hhf\desktop\mfc_oct\mfc_oct\x64\debug\mfc_oct.res
c:\users\hhf\desktop\mfc_oct\x64\debug\mfc_oct.pdb
c:\users\hhf\desktop\mfc_oct\mfc_oct\x64\debug\mfc_oct.tlog\cl.command.1.tlog
c:\users\hhf\desktop\mfc_oct\mfc_oct\x64\debug\mfc_oct.tlog\cl.read.1.tlog
c:\users\hhf\desktop\mfc_oct\mfc_oct\x64\debug\mfc_oct.tlog\cl.write.1.tlog
c:\users\hhf\desktop\mfc_oct\mfc_oct\x64\debug\mfc_oct.tlog\link-cvtres.read.1.tlog
c:\users\hhf\desktop\mfc_oct\mfc_oct\x64\debug\mfc_oct.tlog\link-cvtres.write.1.tlog
c:\users\hhf\desktop\mfc_oct\mfc_oct\x64\debug\mfc_oct.tlog\link-mt.read.1.tlog
c:\users\hhf\desktop\mfc_oct\mfc_oct\x64\debug\mfc_oct.tlog\link-mt.write.1.tlog
c:\users\hhf\desktop\mfc_oct\mfc_oct\x64\debug\mfc_oct.tlog\link-rc.read.1.tlog
c:\users\hhf\desktop\mfc_oct\mfc_oct\x64\debug\mfc_oct.tlog\link-rc.write.1.tlog
c:\users\hhf\desktop\mfc_oct\mfc_oct\x64\debug\mfc_oct.tlog\link.command.1.tlog
c:\users\hhf\desktop\mfc_oct\mfc_oct\x64\debug\mfc_oct.tlog\link.read.1.tlog
c:\users\hhf\desktop\mfc_oct\mfc_oct\x64\debug\mfc_oct.tlog\link.write.1.tlog
c:\users\hhf\desktop\mfc_oct\mfc_oct\x64\debug\mfc_oct.tlog\rc.command.1.tlog
c:\users\hhf\desktop\mfc_oct\mfc_oct\x64\debug\mfc_oct.tlog\rc.read.1.tlog
c:\users\hhf\desktop\mfc_oct\mfc_oct\x64\debug\mfc_oct.tlog\rc.write.1.tlog
